PLINK v1.90b6.26 64-bit (2 Apr 2022)
Options in effect:
  --make-bed
  --out inst/extdata/geno_sample
  --seed 1
  --simulate inst/extdata/wgas.sim
  --simulate-ncases 25
  --simulate-ncontrols 25

Hostname: laylas-mbp.dhcp.mc.vanderbilt.edu
Working directory: /Users/layla/Dropbox (VUMC)/phers
Start time: Fri Apr 15 16:39:14 2022

16384 MB RAM detected; reserving 8192 MB for main workspace.
Writing --simulate dataset to inst/extdata/geno_sample-temporary.bed +
inst/extdata/geno_sample-temporary.bim + inst/extdata/geno_sample-temporary.fam
... done.
Realized simulation parameters saved to
inst/extdata/geno_sample-temporary.simfreq.
10 variants loaded from .bim file.
50 people (0 males, 50 females) loaded from .fam.
50 phenotype values loaded from .fam.
Using 1 thread (no multithreaded calculations invoked).
Before main variant filters, 50 founders and 0 nonfounders present.
Calculating allele frequencies... done.
Total genotyping rate is exactly 1.
10 variants and 50 people pass filters and QC.
Among remaining phenotypes, 25 are cases and 25 are controls.
--make-bed to inst/extdata/geno_sample.bed + inst/extdata/geno_sample.bim +
inst/extdata/geno_sample.fam ... done.

End time: Fri Apr 15 16:39:14 2022
