* installing *source* package ‘rexpokit’ ...
** package ‘rexpokit’ successfully unpacked and MD5 sums checked
** using staged installation
** libs
gfortran-8  -fno-optimize-sibling-calls  -fpic  -g -O2 -Wall -pedantic -mtune=native -flto -c lapack/blas_mod.f -o lapack/blas_mod.o
gfortran-8  -fno-optimize-sibling-calls  -fpic  -g -O2 -Wall -pedantic -mtune=native -flto -c lapack/lapack.f -o lapack/lapack.o
gfortran-8  -fno-optimize-sibling-calls  -fpic  -g -O2 -Wall -pedantic -mtune=native -flto -c mataid.f -o mataid.o
gfortran-8  -fno-optimize-sibling-calls  -fpic  -g -O2 -Wall -pedantic -mtune=native -flto -c my_expokit.f -o my_expokit.o
gfortran-8  -fno-optimize-sibling-calls  -fpic  -g -O2 -Wall -pedantic -mtune=native -flto -c my_matexp.f -o my_matexp.o
gfortran-8  -fno-optimize-sibling-calls  -fpic  -g -O2 -Wall -pedantic -mtune=native -flto -c itscale5.f -o itscale5.o
g++-8  -std=gnu++11 -I"/home/Hornik/tmp/R-d-gcc-LTO/include" -DNDEBUG  -I"/home/Hornik/lib/R/Library/3.7/x86_64-linux-gnu/Rcpp/include" -I/usr/local/include -DUSE_TYPE_CHECKING_STRICT  -fpic  -g -O2 -Wall -pedantic -flto -c coo.cpp -o coo.o
g++-8  -std=gnu++11 -I"/home/Hornik/tmp/R-d-gcc-LTO/include" -DNDEBUG  -I"/home/Hornik/lib/R/Library/3.7/x86_64-linux-gnu/Rcpp/include" -I/usr/local/include -DUSE_TYPE_CHECKING_STRICT  -fpic  -g -O2 -Wall -pedantic -flto -c wrappers.cpp -o wrappers.o
g++-8 -std=gnu++11 -shared -L/home/Hornik/tmp/R-d-gcc-LTO/lib -Wl,-O1 -o rexpokit.so lapack/blas_mod.o lapack/lapack.o mataid.o my_expokit.o my_matexp.o itscale5.o coo.o wrappers.o -L/home/Hornik/tmp/R-d-gcc-LTO/lib -lRlapack -L/home/Hornik/tmp/R-d-gcc-LTO/lib -lRblas -lgfortran -lm -lquadmath -lgfortran -lm -lquadmath -L/home/Hornik/tmp/R-d-gcc-LTO/lib -lR
lapack/lapack.f:1179: warning: type of ‘zswapx’ does not match original declaration [-Wlto-type-mismatch]
                call zswapx(k-1,b(k),a(1,k),1,b(1),1)
 
lapack/blas_mod.f:926: note: type mismatch in parameter 6
       subroutine  zswapx (n,zx,incx,zy,incy)
 
my_expokit.f:1590: warning: type of ‘zswapx’ does not match original declaration [-Wlto-type-mismatch]
      .                     wsp(ih+(i-1)*m+i),m )
 
lapack/blas_mod.f:926: note: ‘zswapx’ was previously declared here
       subroutine  zswapx (n,zx,incx,zy,incy)
 
lapack/blas_mod.f:926: note: code may be misoptimized unless -fno-strict-aliasing is used
my_expokit.f:1595: warning: type of ‘zaxpx’ does not match original declaration [-Wlto-type-mismatch]
             call ZAXPX( m-i, -tmpc, wsp(ih+i*m+i-1),m, wsp(ih+i*m+i),m )
 
lapack/blas_mod.f:443: note: ‘zaxpx’ was previously declared here
       subroutine zaxpx(n,za,zx,incx,zy,incy)
 
lapack/blas_mod.f:443: note: code may be misoptimized unless -fno-strict-aliasing is used
installing to /home/Hornik/tmp/CRAN/rexpokit.Rcheck/00LOCK-rexpokit/00new/rexpokit/libs
** R
** demo
** inst
** byte-compile and prepare package for lazy loading
** help
*** installing help indices
** building package indices
** testing if installed package can be loaded from temporary location
** checking absolute paths in shared objects and dynamic libraries
** testing if installed package can be loaded from final location
** testing if installed package keeps a record of temporary installation path
* DONE (rexpokit)
